<?xml version="1.0" encoding="UTF-8"?>
<!-- Generated by org.testng.reporters.JUnitXMLReporter -->
<testsuite ignored="3" hostname="Srisri" failures="0" tests="1" name="Default test" time="4.337" errors="0" timestamp="2024-08-14T20:26:03 GMT-05:00">
  <testcase classname="com.AutomationTalks.CICDDemoProject.ClassOne" name="jobRightTest" time="2.363"/>
  <testcase classname="com.AutomationTalks.CICDDemoProject.ClassOne" name="schoolCafeTest" time="0.0">
    <ignored/>
  </testcase> <!-- schoolCafeTest -->
  <testcase classname="com.AutomationTalks.CICDDemoProject.ClassOne" name="linkedInTest" time="0.0">
    <ignored/>
  </testcase> <!-- linkedInTest -->
  <testcase classname="com.AutomationTalks.CICDDemoProject.ClassOne" name="myKelseyTest" time="0.0">
    <ignored/>
  </testcase> <!-- myKelseyTest -->
</testsuite> <!-- Default test -->
