<?xml version="1.0" encoding="UTF-8"?>
<!-- Generated by org.testng.reporters.JUnitXMLReporter -->
<testsuite ignored="0" hostname="Srisri" failures="0" tests="3" name="Test" time="8.707" errors="0" timestamp="2024-08-13T19:25:14 GMT-05:00">
  <testcase classname="com.AutomationTalks.CICDDemoProject.ClassOne" name="myKelseyTest" time="1.876"/>
  <testcase classname="com.AutomationTalks.CICDDemoProject.ClassOne" name="schoolCafeTest" time="1.307"/>
  <testcase classname="com.AutomationTalks.CICDDemoProject.ClassOne" name="linkedInTest" time="1.551"/>
</testsuite> <!-- Test -->
