<?xml version="1.0" encoding="UTF-8"?>
<testng-results ignored="0" total="3" passed="3" failed="0" skipped="0">
  <reporter-output>
  </reporter-output>
  <suite started-at="2024-08-13T19:29:07 GMT-05:00" name="Suite" finished-at="2024-08-13T19:29:17 GMT-05:00" duration-ms="9872">
    <groups>
    </groups>
    <test started-at="2024-08-13T19:29:07 GMT-05:00" name="Test" finished-at="2024-08-13T19:29:17 GMT-05:00" duration-ms="9872">
      <class name="com.AutomationTalks.CICDDemoProject.ClassOne">
        <test-method is-config="true" signature="setUp()[pri:0, instance:com.AutomationTalks.CICDDemoProject.ClassOne@28eaa59a]" started-at="2024-08-13T19:29:07 GMT-05:00" name="setUp" finished-at="2024-08-13T19:29:09 GMT-05:00" duration-ms="1542" status="PASS">
          <reporter-output>
          </reporter-output>
        </test-method> <!-- setUp -->
        <test-method signature="myKelseyTest()[pri:1, instance:com.AutomationTalks.CICDDemoProject.ClassOne@28eaa59a]" started-at="2024-08-13T19:29:09 GMT-05:00" name="myKelseyTest" finished-at="2024-08-13T19:29:11 GMT-05:00" duration-ms="2570" status="PASS">
          <reporter-output>
          </reporter-output>
        </test-method> <!-- myKelseyTest -->
        <test-method is-config="true" signature="tearDown()[pri:0, instance:com.AutomationTalks.CICDDemoProject.ClassOne@28eaa59a]" started-at="2024-08-13T19:29:11 GMT-05:00" name="tearDown" finished-at="2024-08-13T19:29:11 GMT-05:00" duration-ms="179" status="PASS">
          <reporter-output>
          </reporter-output>
        </test-method> <!-- tearDown -->
        <test-method is-config="true" signature="setUp()[pri:0, instance:com.AutomationTalks.CICDDemoProject.ClassOne@28eaa59a]" started-at="2024-08-13T19:29:11 GMT-05:00" name="setUp" finished-at="2024-08-13T19:29:12 GMT-05:00" duration-ms="941" status="PASS">
          <reporter-output>
          </reporter-output>
        </test-method> <!-- setUp -->
        <test-method signature="schoolCafeTest()[pri:2, instance:com.AutomationTalks.CICDDemoProject.ClassOne@28eaa59a]" started-at="2024-08-13T19:29:12 GMT-05:00" name="schoolCafeTest" finished-at="2024-08-13T19:29:14 GMT-05:00" duration-ms="1262" status="PASS">
          <reporter-output>
          </reporter-output>
        </test-method> <!-- schoolCafeTest -->
        <test-method is-config="true" signature="tearDown()[pri:0, instance:com.AutomationTalks.CICDDemoProject.ClassOne@28eaa59a]" started-at="2024-08-13T19:29:14 GMT-05:00" name="tearDown" finished-at="2024-08-13T19:29:14 GMT-05:00" duration-ms="225" status="PASS">
          <reporter-output>
          </reporter-output>
        </test-method> <!-- tearDown -->
        <test-method is-config="true" signature="setUp()[pri:0, instance:com.AutomationTalks.CICDDemoProject.ClassOne@28eaa59a]" started-at="2024-08-13T19:29:14 GMT-05:00" name="setUp" finished-at="2024-08-13T19:29:15 GMT-05:00" duration-ms="902" status="PASS">
          <reporter-output>
          </reporter-output>
        </test-method> <!-- setUp -->
        <test-method signature="linkedInTest()[pri:3, instance:com.AutomationTalks.CICDDemoProject.ClassOne@28eaa59a]" started-at="2024-08-13T19:29:15 GMT-05:00" name="linkedInTest" finished-at="2024-08-13T19:29:16 GMT-05:00" duration-ms="1729" status="PASS">
          <reporter-output>
          </reporter-output>
        </test-method> <!-- linkedInTest -->
        <test-method is-config="true" signature="tearDown()[pri:0, instance:com.AutomationTalks.CICDDemoProject.ClassOne@28eaa59a]" started-at="2024-08-13T19:29:16 GMT-05:00" name="tearDown" finished-at="2024-08-13T19:29:17 GMT-05:00" duration-ms="470" status="PASS">
          <reporter-output>
          </reporter-output>
        </test-method> <!-- tearDown -->
      </class> <!-- com.AutomationTalks.CICDDemoProject.ClassOne -->
    </test> <!-- Test -->
  </suite> <!-- Suite -->
</testng-results>
