<?xml version="1.0" encoding="UTF-8"?>
<testsuite xmlns:xsi="http://www.w3.org/2001/XMLSchema-instance" xsi:noNamespaceSchemaLocation="https://maven.apache.org/surefire/maven-surefire-plugin/xsd/surefire-test-report.xsd" version="3.0.2" name="TestSuite" time="10.456" tests="3" errors="0" skipped="0" failures="0">
  <properties>
[...]
</properties>
  <testcase name="myKelseyTest" classname="com.AutomationTalks.CICDDemoProject.ClassOne" time="2.574">
    <system-out><![CDATA[MyKelseyOnline - Login Page
]]></system-out>
    <system-err><![CDATA[SLF4J: Failed to load class "org.slf4j.impl.StaticLoggerBinder".
SLF4J: Defaulting to no-operation (NOP) logger implementation
SLF4J: See http://www.slf4j.org/codes.html#StaticLoggerBinder for further details.
]]></system-err>
  </testcase>
  <testcase name="schoolCafeTest" classname="com.AutomationTalks.CICDDemoProject.ClassOne" time="1.262">
    <system-out><![CDATA[SchoolCafé
]]></system-out>
  </testcase>
  <testcase name="linkedInTest" classname="com.AutomationTalks.CICDDemoProject.ClassOne" time="1.731">
    <system-out><![CDATA[LinkedIn: Log In or Sign Up
]]></system-out>
  </testcase>
</testsuite>