<?xml version="1.0" encoding="UTF-8"?>
<testng-results ignored="0" total="1" passed="1" failed="0" skipped="0">
  <reporter-output>
  </reporter-output>
  <suite started-at="2024-08-14T20:25:58 GMT-05:00" name="Default suite" finished-at="2024-08-14T20:26:03 GMT-05:00" duration-ms="4337">
    <groups>
    </groups>
    <test started-at="2024-08-14T20:25:58 GMT-05:00" name="Default test" finished-at="2024-08-14T20:26:03 GMT-05:00" duration-ms="4337">
      <class name="com.AutomationTalks.CICDDemoProject.ClassOne">
        <test-method is-config="true" signature="setUp()[pri:0, instance:com.AutomationTalks.CICDDemoProject.ClassOne@42a48628]" started-at="2024-08-14T20:25:58 GMT-05:00" name="setUp" finished-at="2024-08-14T20:26:00 GMT-05:00" duration-ms="1584" status="PASS">
          <reporter-output>
          </reporter-output>
        </test-method> <!-- setUp -->
        <test-method signature="jobRightTest()[pri:4, instance:com.AutomationTalks.CICDDemoProject.ClassOne@42a48628]" started-at="2024-08-14T20:26:00 GMT-05:00" name="jobRightTest" finished-at="2024-08-14T20:26:02 GMT-05:00" duration-ms="2363" status="PASS">
          <reporter-output>
          </reporter-output>
        </test-method> <!-- jobRightTest -->
        <test-method is-config="true" signature="tearDown()[pri:0, instance:com.AutomationTalks.CICDDemoProject.ClassOne@42a48628]" started-at="2024-08-14T20:26:02 GMT-05:00" name="tearDown" finished-at="2024-08-14T20:26:03 GMT-05:00" duration-ms="255" status="PASS">
          <reporter-output>
          </reporter-output>
        </test-method> <!-- tearDown -->
      </class> <!-- com.AutomationTalks.CICDDemoProject.ClassOne -->
    </test> <!-- Default test -->
  </suite> <!-- Default suite -->
</testng-results>
