<?xml version="1.0" encoding="UTF-8"?>
<testng-results ignored="0" total="3" passed="3" failed="0" skipped="0">
  <reporter-output>
  </reporter-output>
  <suite started-at="2024-08-13T19:25:05 GMT-05:00" name="Suite" finished-at="2024-08-13T19:25:14 GMT-05:00" duration-ms="8707">
    <groups>
    </groups>
    <test started-at="2024-08-13T19:25:05 GMT-05:00" name="Test" finished-at="2024-08-13T19:25:14 GMT-05:00" duration-ms="8707">
      <class name="com.AutomationTalks.CICDDemoProject.ClassOne">
        <test-method is-config="true" signature="setUp()[pri:0, instance:com.AutomationTalks.CICDDemoProject.ClassOne@55183b20]" started-at="2024-08-13T19:25:05 GMT-05:00" name="setUp" finished-at="2024-08-13T19:25:07 GMT-05:00" duration-ms="1386" status="PASS">
          <reporter-output>
          </reporter-output>
        </test-method> <!-- setUp -->
        <test-method signature="myKelseyTest()[pri:1, instance:com.AutomationTalks.CICDDemoProject.ClassOne@55183b20]" started-at="2024-08-13T19:25:07 GMT-05:00" name="myKelseyTest" finished-at="2024-08-13T19:25:08 GMT-05:00" duration-ms="1876" status="PASS">
          <reporter-output>
          </reporter-output>
        </test-method> <!-- myKelseyTest -->
        <test-method is-config="true" signature="tearDown()[pri:0, instance:com.AutomationTalks.CICDDemoProject.ClassOne@55183b20]" started-at="2024-08-13T19:25:08 GMT-05:00" name="tearDown" finished-at="2024-08-13T19:25:09 GMT-05:00" duration-ms="180" status="PASS">
          <reporter-output>
          </reporter-output>
        </test-method> <!-- tearDown -->
        <test-method is-config="true" signature="setUp()[pri:0, instance:com.AutomationTalks.CICDDemoProject.ClassOne@55183b20]" started-at="2024-08-13T19:25:09 GMT-05:00" name="setUp" finished-at="2024-08-13T19:25:09 GMT-05:00" duration-ms="802" status="PASS">
          <reporter-output>
          </reporter-output>
        </test-method> <!-- setUp -->
        <test-method signature="schoolCafeTest()[pri:2, instance:com.AutomationTalks.CICDDemoProject.ClassOne@55183b20]" started-at="2024-08-13T19:25:09 GMT-05:00" name="schoolCafeTest" finished-at="2024-08-13T19:25:11 GMT-05:00" duration-ms="1307" status="PASS">
          <reporter-output>
          </reporter-output>
        </test-method> <!-- schoolCafeTest -->
        <test-method is-config="true" signature="tearDown()[pri:0, instance:com.AutomationTalks.CICDDemoProject.ClassOne@55183b20]" started-at="2024-08-13T19:25:11 GMT-05:00" name="tearDown" finished-at="2024-08-13T19:25:11 GMT-05:00" duration-ms="217" status="PASS">
          <reporter-output>
          </reporter-output>
        </test-method> <!-- tearDown -->
        <test-method is-config="true" signature="setUp()[pri:0, instance:com.AutomationTalks.CICDDemoProject.ClassOne@55183b20]" started-at="2024-08-13T19:25:11 GMT-05:00" name="setUp" finished-at="2024-08-13T19:25:12 GMT-05:00" duration-ms="884" status="PASS">
          <reporter-output>
          </reporter-output>
        </test-method> <!-- setUp -->
        <test-method signature="linkedInTest()[pri:3, instance:com.AutomationTalks.CICDDemoProject.ClassOne@55183b20]" started-at="2024-08-13T19:25:12 GMT-05:00" name="linkedInTest" finished-at="2024-08-13T19:25:13 GMT-05:00" duration-ms="1551" status="PASS">
          <reporter-output>
          </reporter-output>
        </test-method> <!-- linkedInTest -->
        <test-method is-config="true" signature="tearDown()[pri:0, instance:com.AutomationTalks.CICDDemoProject.ClassOne@55183b20]" started-at="2024-08-13T19:25:13 GMT-05:00" name="tearDown" finished-at="2024-08-13T19:25:14 GMT-05:00" duration-ms="437" status="PASS">
          <reporter-output>
          </reporter-output>
        </test-method> <!-- tearDown -->
      </class> <!-- com.AutomationTalks.CICDDemoProject.ClassOne -->
    </test> <!-- Test -->
  </suite> <!-- Suite -->
</testng-results>
